22:03:09 **** Incremental Build of configuration Debug for project v6_proximitysensor ****
make all 
arm-none-eabi-gcc -c -mcpu=cortex-m4 -g3 -c -I"C:/Users/woodong/OneDrive - ?Ñ±Í∑†Í????ïôÍµ?/Î¨∏ÏÑú/Î™®Î∞î?ùºÎ°úÎ¥á/v6_proximitysensor/Drivers/VL53L1X/core" -I"C:/Users/woodong/OneDrive - ?Ñ±Í∑†Í????ïôÍµ?/Î¨∏ÏÑú/Î™®Î∞î?ùºÎ°úÎ¥á/v6_proximitysensor/Drivers/VL53L1X/platform" -Wa,-W -x assembler-with-cpp -MMD -MP -MF"startup/startup_stm32f446xx.d" -MT"startup/startup_stm32f446xx.o" --specs=nano.specs -mfpu=fpv4-sp-d16 -mfloat-abi=hard -mthumb -o "startup/startup_stm32f446xx.o" "../startup/startup_stm32f446xx.s"
cc1.exe: error: C:/Users/woodong/OneDrive - ??¢¥°æ?¢¥°§¢¥O?¢¥¢•????????¢¥•Ï?/?¢¥°˛¢¥¢¨???/?¢¥®£¢¥°ß?¢¥°∆???¢¥®˘?¢¥¢Æ??¢¥¢•?/v6_proximitysensor/Drivers/VL53L1X/core: Invalid argument
cc1.exe: error: C:/Users/woodong/OneDrive - ??¢¥°æ?¢¥°§¢¥O?¢¥¢•????????¢¥•Ï?/?¢¥°˛¢¥¢¨???/?¢¥®£¢¥°ß?¢¥°∆???¢¥®˘?¢¥¢Æ??¢¥¢•?/v6_proximitysensor/Drivers/VL53L1X/platform: Invalid argument
make[1]: *** [startup/subdir.mk:19: startup/startup_stm32f446xx.o] Error 1
make: *** [makefile:60: all] Error 2
"make all" terminated with exit code 2. Build might be incomplete.

22:03:09 Build Failed. 2 errors, 0 warnings. (took 573ms)

